2018/09/07 18:46:10 | Source directory is: /media/Storage/test_tar/
2018/09/07 18:46:10 | Temporary target directory is: /media/Storage/tmp/
2018/09/07 18:46:10 | Destination is: kparasch@lxplus.cern.ch:/afs/cern.ch/user/k/kparasch/public/
2018/09/07 18:46:10 | Archiving and compressing  000_without_stop_and_go ...
2018/09/07 18:46:11 | (5-min STATUS UPDATE) Archiving and compressing  000_without_stop_and_go ...
2018/09/07 18:47:53 | 000_without_stop_and_go archive complete.
2018/09/07 18:47:53 | Creating checksum for /media/Storage/tmp/20161021_000_without_stop_and_go.tar.gz ...
2018/09/07 18:47:57 | Checksum for /media/Storage/tmp/20161021_000_without_stop_and_go.tar.gz complete.
2018/09/07 18:47:57 | Copying /media/Storage/tmp/20161021_000_without_stop_and_go.tar.gz to EOS ...
2018/09/07 18:50:29 | /media/Storage/tmp/20161021_000_without_stop_and_go.tar.gz copying complete.
2018/09/07 18:50:29 | Copying checksums to EOS ...
2018/09/07 18:50:31 | Copying checksums complete.
2018/09/07 18:50:31 | Checking checksums to verify integrity on EOS ...
2018/09/07 18:51:12 | (5-min STATUS UPDATE) Checking checksums to verify integrity on EOS ...
2018/09/07 18:51:56 | STDOUT:
2018/09/07 18:51:56 | /afs/cern.ch/user/k/kparasch/public/20161021_000_without_stop_and_go.tar.gz: OK
2018/09/07 18:51:56 | 
2018/09/07 18:51:56 | STDERR:
2018/09/07 18:51:56 | 
2018/09/07 18:51:56 | Checking complete.
2018/09/07 18:51:56 | Please inspect final output.
